flutter_application_2/build/app/intermediates/manifest_merge_blame_file/debug/manifest-merger-blame-debug-report.txt
1<?xml version="1.0" encoding="utf-8"?>
2<manifest xmlns:android="http://schemas.android.com/apk/res/android"
3    package="com.example.SEPROJECT23x"
4    android:versionCode="1"
5    android:versionName="0.1.0" >
6
7    <uses-sdk
8        android:minSdkVersion="19"
9        android:targetSdkVersion="33" />
10    <!--
11         The INTERNET permission is required for development. Specifically,
12         the Flutter tool needs it to communicate with the running application
13         to allow setting breakpoints, to provide hot reload, etc.
14    -->
15    <uses-permission android:name="android.permission.INTERNET" />
15-->src\debug\AndroidManifest.xml:6:5-66
15-->src\debug\AndroidManifest.xml:6:22-64
16
17    <queries>
17-->[:flutter_inappwebview] AndroidManifest.xml:9:5-13:15
18        <intent>
18-->[:flutter_inappwebview] AndroidManifest.xml:10:9-12:18
19            <action android:name="android.support.customtabs.action.CustomTabsService" />
19-->[:flutter_inappwebview] AndroidManifest.xml:11:13-90
19-->[:flutter_inappwebview] AndroidManifest.xml:11:21-87
20        </intent>
21    </queries>
22
23    <uses-permission android:name="android.permission.ACCESS_NETWORK_STATE" />
23-->[com.google.firebase:firebase-auth:22.1.2] AndroidManifest.xml:26:5-79
23-->[com.google.firebase:firebase-auth:22.1.2] AndroidManifest.xml:26:22-76
24    <uses-permission android:name="android.permission.WAKE_LOCK" />
24-->[com.google.android.gms:play-services-measurement-api:21.3.0] AndroidManifest.xml:24:5-68
24-->[com.google.android.gms:play-services-measurement-api:21.3.0] AndroidManifest.xml:24:22-65
25    <uses-permission android:name="com.google.android.gms.permission.AD_ID" />
25-->[com.google.android.gms:play-services-measurement-api:21.3.0] AndroidManifest.xml:25:5-79
25-->[com.google.android.gms:play-services-measurement-api:21.3.0] AndroidManifest.xml:25:22-76
26    <uses-permission android:name="com.google.android.finsky.permission.BIND_GET_INSTALL_REFERRER_SERVICE" />
26-->[com.google.android.gms:play-services-measurement:21.3.0] AndroidManifest.xml:26:5-110
26-->[com.google.android.gms:play-services-measurement:21.3.0] AndroidManifest.xml:26:22-107
27
28    <permission
28-->[androidx.core:core:1.10.1] AndroidManifest.xml:22:5-24:47
29        android:name="com.example.SEPROJECT23x.DYNAMIC_RECEIVER_NOT_EXPORTED_PERMISSION"
29-->[androidx.core:core:1.10.1] AndroidManifest.xml:23:9-81
30        android:protectionLevel="signature" />
30-->[androidx.core:core:1.10.1] AndroidManifest.xml:24:9-44
31
32    <uses-permission android:name="com.example.SEPROJECT23x.DYNAMIC_RECEIVER_NOT_EXPORTED_PERMISSION" />
32-->[androidx.core:core:1.10.1] AndroidManifest.xml:26:5-97
32-->[androidx.core:core:1.10.1] AndroidManifest.xml:26:22-94
33
34    <application
35        android:name="io.flutter.app.FlutterMultiDexApplication"
36        android:appComponentFactory="androidx.core.app.CoreComponentFactory"
36-->[androidx.core:core:1.10.1] AndroidManifest.xml:28:18-86
37        android:debuggable="true"
38        android:icon="@mipmap/ic_launcher"
39        android:label="flutter_application_2" >
40        <activity
41            android:name="com.example.flutter_application_2.MainActivity"
42            android:configChanges="orientation|keyboardHidden|keyboard|screenSize|smallestScreenSize|locale|layoutDirection|fontScale|screenLayout|density|uiMode"
43            android:exported="true"
44            android:hardwareAccelerated="true"
45            android:launchMode="singleTop"
46            android:theme="@style/LaunchTheme"
47            android:windowSoftInputMode="adjustResize" >
48
49            <!--
50                 Specifies an Android theme to apply to this Activity as soon as
51                 the Android process has started. This theme is visible to the user
52                 while the Flutter UI initializes. After that, this theme continues
53                 to determine the Window background behind the Flutter UI.
54            -->
55            <meta-data
56                android:name="io.flutter.embedding.android.NormalTheme"
57                android:resource="@style/NormalTheme" />
58
59            <intent-filter>
60                <action android:name="android.intent.action.MAIN" />
61
62                <category android:name="android.intent.category.LAUNCHER" />
63            </intent-filter>
64        </activity>
65        <!--
66             Don't delete the meta-data below.
67             This is used by the Flutter tool to generate GeneratedPluginRegistrant.java
68        -->
69        <meta-data
70            android:name="flutterEmbedding"
71            android:value="2" />
72
73        <service
73-->[:firebase_auth] AndroidManifest.xml:10:9-14:19
74            android:name="com.google.firebase.components.ComponentDiscoveryService"
74-->[:firebase_auth] AndroidManifest.xml:10:18-89
75            android:directBootAware="true"
75-->[com.google.firebase:firebase-common:20.3.3] AndroidManifest.xml:34:13-43
76            android:exported="false" >
76-->[com.google.firebase:firebase-auth:22.1.2] AndroidManifest.xml:68:13-37
77            <meta-data
77-->[:firebase_auth] AndroidManifest.xml:11:13-13:85
78                android:name="com.google.firebase.components:io.flutter.plugins.firebase.auth.FlutterFirebaseAuthRegistrar"
78-->[:firebase_auth] AndroidManifest.xml:12:17-124
79                android:value="com.google.firebase.components.ComponentRegistrar" />
79-->[:firebase_auth] AndroidManifest.xml:13:17-82
80            <meta-data
80-->[:cloud_firestore] AndroidManifest.xml:11:13-13:85
81                android:name="com.google.firebase.components:io.flutter.plugins.firebase.firestore.FlutterFirebaseFirestoreRegistrar"
81-->[:cloud_firestore] AndroidManifest.xml:12:17-134
82                android:value="com.google.firebase.components.ComponentRegistrar" />
82-->[:cloud_firestore] AndroidManifest.xml:13:17-82
83            <meta-data
83-->[:firebase_core] AndroidManifest.xml:11:13-13:85
84                android:name="com.google.firebase.components:io.flutter.plugins.firebase.core.FlutterFirebaseCoreRegistrar"
84-->[:firebase_core] AndroidManifest.xml:12:17-124
85                android:value="com.google.firebase.components.ComponentRegistrar" />
85-->[:firebase_core] AndroidManifest.xml:13:17-82
86            <meta-data
86-->[com.google.firebase:firebase-auth:22.1.2] AndroidManifest.xml:69:13-71:85
87                android:name="com.google.firebase.components:com.google.firebase.auth.FirebaseAuthRegistrar"
87-->[com.google.firebase:firebase-auth:22.1.2] AndroidManifest.xml:70:17-109
88                android:value="com.google.firebase.components.ComponentRegistrar" />
88-->[com.google.firebase:firebase-auth:22.1.2] AndroidManifest.xml:71:17-82
89            <meta-data
89-->[com.google.firebase:firebase-firestore:24.8.1] AndroidManifest.xml:17:13-19:85
90                android:name="com.google.firebase.components:com.google.firebase.firestore.FirestoreRegistrar"
90-->[com.google.firebase:firebase-firestore:24.8.1] AndroidManifest.xml:18:17-111
91                android:value="com.google.firebase.components.ComponentRegistrar" />
91-->[com.google.firebase:firebase-firestore:24.8.1] AndroidManifest.xml:19:17-82
92            <meta-data
92-->[com.google.android.gms:play-services-measurement-api:21.3.0] AndroidManifest.xml:31:13-33:85
93                android:name="com.google.firebase.components:com.google.firebase.analytics.connector.internal.AnalyticsConnectorRegistrar"
93-->[com.google.android.gms:play-services-measurement-api:21.3.0] AndroidManifest.xml:32:17-139
94                android:value="com.google.firebase.components.ComponentRegistrar" />
94-->[com.google.android.gms:play-services-measurement-api:21.3.0] AndroidManifest.xml:33:17-82
95            <meta-data
95-->[com.google.firebase:firebase-installations:17.1.4] AndroidManifest.xml:15:13-17:85
96                android:name="com.google.firebase.components:com.google.firebase.installations.FirebaseInstallationsRegistrar"
96-->[com.google.firebase:firebase-installations:17.1.4] AndroidManifest.xml:16:17-127
97                android:value="com.google.firebase.components.ComponentRegistrar" />
97-->[com.google.firebase:firebase-installations:17.1.4] AndroidManifest.xml:17:17-82
98        </service>
99
100        <activity
100-->[:flutter_inappwebview] AndroidManifest.xml:16:9-20:47
101            android:name="com.pichillilorenzo.flutter_inappwebview.in_app_browser.InAppBrowserActivity"
101-->[:flutter_inappwebview] AndroidManifest.xml:17:13-104
102            android:configChanges="orientation|keyboardHidden|keyboard|screenSize|locale|layoutDirection|fontScale|screenLayout|density"
102-->[:flutter_inappwebview] AndroidManifest.xml:18:13-137
103            android:exported="false"
103-->[:flutter_inappwebview] AndroidManifest.xml:19:13-37
104            android:theme="@style/AppTheme" />
104-->[:flutter_inappwebview] AndroidManifest.xml:20:13-44
105        <activity
105-->[:flutter_inappwebview] AndroidManifest.xml:21:9-24:55
106            android:name="com.pichillilorenzo.flutter_inappwebview.chrome_custom_tabs.ChromeCustomTabsActivity"
106-->[:flutter_inappwebview] AndroidManifest.xml:22:13-112
107            android:exported="false"
107-->[:flutter_inappwebview] AndroidManifest.xml:23:13-37
108            android:theme="@style/ThemeTransparent" />
108-->[:flutter_inappwebview] AndroidManifest.xml:24:13-52
109        <activity
109-->[:flutter_inappwebview] AndroidManifest.xml:25:9-28:55
110            android:name="com.pichillilorenzo.flutter_inappwebview.chrome_custom_tabs.TrustedWebActivity"
110-->[:flutter_inappwebview] AndroidManifest.xml:26:13-106
111            android:exported="false"
111-->[:flutter_inappwebview] AndroidManifest.xml:27:13-37
112            android:theme="@style/ThemeTransparent" />
112-->[:flutter_inappwebview] AndroidManifest.xml:28:13-52
113        <activity
113-->[:flutter_inappwebview] AndroidManifest.xml:29:9-33:55
114            android:name="com.pichillilorenzo.flutter_inappwebview.chrome_custom_tabs.ChromeCustomTabsActivitySingleInstance"
114-->[:flutter_inappwebview] AndroidManifest.xml:30:13-126
115            android:exported="false"
115-->[:flutter_inappwebview] AndroidManifest.xml:31:13-37
116            android:launchMode="singleInstance"
116-->[:flutter_inappwebview] AndroidManifest.xml:32:13-48
117            android:theme="@style/ThemeTransparent" />
117-->[:flutter_inappwebview] AndroidManifest.xml:33:13-52
118        <activity
118-->[:flutter_inappwebview] AndroidManifest.xml:34:9-38:55
119            android:name="com.pichillilorenzo.flutter_inappwebview.chrome_custom_tabs.TrustedWebActivitySingleInstance"
119-->[:flutter_inappwebview] AndroidManifest.xml:35:13-120
120            android:exported="false"
120-->[:flutter_inappwebview] AndroidManifest.xml:36:13-37
121            android:launchMode="singleInstance"
121-->[:flutter_inappwebview] AndroidManifest.xml:37:13-48
122            android:theme="@style/ThemeTransparent" />
122-->[:flutter_inappwebview] AndroidManifest.xml:38:13-52
123
124        <receiver
124-->[:flutter_inappwebview] AndroidManifest.xml:40:9-43:40
125            android:name="com.pichillilorenzo.flutter_inappwebview.chrome_custom_tabs.ActionBroadcastReceiver"
125-->[:flutter_inappwebview] AndroidManifest.xml:41:13-111
126            android:enabled="true"
126-->[:flutter_inappwebview] AndroidManifest.xml:42:13-35
127            android:exported="false" />
127-->[:flutter_inappwebview] AndroidManifest.xml:43:13-37
128
129        <meta-data
129-->[:flutter_inappwebview] AndroidManifest.xml:45:9-47:36
130            android:name="io.flutter.embedded_views_preview"
130-->[:flutter_inappwebview] AndroidManifest.xml:46:13-61
131            android:value="true" />
131-->[:flutter_inappwebview] AndroidManifest.xml:47:13-33
132
133        <activity
133-->[:url_launcher_android] AndroidManifest.xml:10:9-13:74
134            android:name="io.flutter.plugins.urllauncher.WebViewActivity"
134-->[:url_launcher_android] AndroidManifest.xml:11:13-74
135            android:exported="false"
135-->[:url_launcher_android] AndroidManifest.xml:12:13-37
136            android:theme="@android:style/Theme.NoTitleBar.Fullscreen" />
136-->[:url_launcher_android] AndroidManifest.xml:13:13-71
137        <activity
137-->[com.google.firebase:firebase-auth:22.1.2] AndroidManifest.xml:29:9-46:20
138            android:name="com.google.firebase.auth.internal.GenericIdpActivity"
138-->[com.google.firebase:firebase-auth:22.1.2] AndroidManifest.xml:30:13-80
139            android:excludeFromRecents="true"
139-->[com.google.firebase:firebase-auth:22.1.2] AndroidManifest.xml:31:13-46
140            android:exported="true"
140-->[com.google.firebase:firebase-auth:22.1.2] AndroidManifest.xml:32:13-36
141            android:launchMode="singleTask"
141-->[com.google.firebase:firebase-auth:22.1.2] AndroidManifest.xml:33:13-44
142            android:theme="@android:style/Theme.Translucent.NoTitleBar" >
142-->[com.google.firebase:firebase-auth:22.1.2] AndroidManifest.xml:34:13-72
143            <intent-filter>
143-->[com.google.firebase:firebase-auth:22.1.2] AndroidManifest.xml:35:13-45:29
144                <action android:name="android.intent.action.VIEW" />
144-->[com.google.firebase:firebase-auth:22.1.2] AndroidManifest.xml:36:17-69
144-->[com.google.firebase:firebase-auth:22.1.2] AndroidManifest.xml:36:25-66
145
146                <category android:name="android.intent.category.DEFAULT" />
146-->[com.google.firebase:firebase-auth:22.1.2] AndroidManifest.xml:38:17-76
146-->[com.google.firebase:firebase-auth:22.1.2] AndroidManifest.xml:38:27-73
147                <category android:name="android.intent.category.BROWSABLE" />
147-->[com.google.firebase:firebase-auth:22.1.2] AndroidManifest.xml:39:17-78
147-->[com.google.firebase:firebase-auth:22.1.2] AndroidManifest.xml:39:27-75
148
149                <data
149-->[com.google.firebase:firebase-auth:22.1.2] AndroidManifest.xml:41:17-44:51
150                    android:host="firebase.auth"
150-->[com.google.firebase:firebase-auth:22.1.2] AndroidManifest.xml:42:21-49
151                    android:path="/"
151-->[com.google.firebase:firebase-auth:22.1.2] AndroidManifest.xml:43:21-37
152                    android:scheme="genericidp" />
152-->[com.google.firebase:firebase-auth:22.1.2] AndroidManifest.xml:44:21-48
153            </intent-filter>
154        </activity>
155        <activity
155-->[com.google.firebase:firebase-auth:22.1.2] AndroidManifest.xml:47:9-64:20
156            android:name="com.google.firebase.auth.internal.RecaptchaActivity"
156-->[com.google.firebase:firebase-auth:22.1.2] AndroidManifest.xml:48:13-79
157            android:excludeFromRecents="true"
157-->[com.google.firebase:firebase-auth:22.1.2] AndroidManifest.xml:49:13-46
158            android:exported="true"
158-->[com.google.firebase:firebase-auth:22.1.2] AndroidManifest.xml:50:13-36
159            android:launchMode="singleTask"
159-->[com.google.firebase:firebase-auth:22.1.2] AndroidManifest.xml:51:13-44
160            android:theme="@android:style/Theme.Translucent.NoTitleBar" >
160-->[com.google.firebase:firebase-auth:22.1.2] AndroidManifest.xml:52:13-72
161            <intent-filter>
161-->[com.google.firebase:firebase-auth:22.1.2] AndroidManifest.xml:53:13-63:29
162                <action android:name="android.intent.action.VIEW" />
162-->[com.google.firebase:firebase-auth:22.1.2] AndroidManifest.xml:36:17-69
162-->[com.google.firebase:firebase-auth:22.1.2] AndroidManifest.xml:36:25-66
163
164                <category android:name="android.intent.category.DEFAULT" />
164-->[com.google.firebase:firebase-auth:22.1.2] AndroidManifest.xml:38:17-76
164-->[com.google.firebase:firebase-auth:22.1.2] AndroidManifest.xml:38:27-73
165                <category android:name="android.intent.category.BROWSABLE" />
165-->[com.google.firebase:firebase-auth:22.1.2] AndroidManifest.xml:39:17-78
165-->[com.google.firebase:firebase-auth:22.1.2] AndroidManifest.xml:39:27-75
166
167                <data
167-->[com.google.firebase:firebase-auth:22.1.2] AndroidManifest.xml:41:17-44:51
168                    android:host="firebase.auth"
168-->[com.google.firebase:firebase-auth:22.1.2] AndroidManifest.xml:42:21-49
169                    android:path="/"
169-->[com.google.firebase:firebase-auth:22.1.2] AndroidManifest.xml:43:21-37
170                    android:scheme="recaptcha" />
170-->[com.google.firebase:firebase-auth:22.1.2] AndroidManifest.xml:44:21-48
171            </intent-filter>
172        </activity>
173
174        <uses-library
174-->[androidx.window:window:1.0.0-beta04] AndroidManifest.xml:25:9-27:40
175            android:name="androidx.window.extensions"
175-->[androidx.window:window:1.0.0-beta04] AndroidManifest.xml:26:13-54
176            android:required="false" />
176-->[androidx.window:window:1.0.0-beta04] AndroidManifest.xml:27:13-37
177        <uses-library
177-->[androidx.window:window:1.0.0-beta04] AndroidManifest.xml:28:9-30:40
178            android:name="androidx.window.sidecar"
178-->[androidx.window:window:1.0.0-beta04] AndroidManifest.xml:29:13-51
179            android:required="false" />
179-->[androidx.window:window:1.0.0-beta04] AndroidManifest.xml:30:13-37
180
181        <provider
181-->[com.google.firebase:firebase-common:20.3.3] AndroidManifest.xml:25:9-30:39
182            android:name="com.google.firebase.provider.FirebaseInitProvider"
182-->[com.google.firebase:firebase-common:20.3.3] AndroidManifest.xml:26:13-77
183            android:authorities="com.example.SEPROJECT23x.firebaseinitprovider"
183-->[com.google.firebase:firebase-common:20.3.3] AndroidManifest.xml:27:13-72
184            android:directBootAware="true"
184-->[com.google.firebase:firebase-common:20.3.3] AndroidManifest.xml:28:13-43
185            android:exported="false"
185-->[com.google.firebase:firebase-common:20.3.3] AndroidManifest.xml:29:13-37
186            android:initOrder="100" />
186-->[com.google.firebase:firebase-common:20.3.3] AndroidManifest.xml:30:13-36
187
188        <receiver
188-->[com.google.android.gms:play-services-measurement:21.3.0] AndroidManifest.xml:29:9-33:20
189            android:name="com.google.android.gms.measurement.AppMeasurementReceiver"
189-->[com.google.android.gms:play-services-measurement:21.3.0] AndroidManifest.xml:30:13-85
190            android:enabled="true"
190-->[com.google.android.gms:play-services-measurement:21.3.0] AndroidManifest.xml:31:13-35
191            android:exported="false" >
191-->[com.google.android.gms:play-services-measurement:21.3.0] AndroidManifest.xml:32:13-37
192        </receiver>
193
194        <service
194-->[com.google.android.gms:play-services-measurement:21.3.0] AndroidManifest.xml:35:9-38:40
195            android:name="com.google.android.gms.measurement.AppMeasurementService"
195-->[com.google.android.gms:play-services-measurement:21.3.0] AndroidManifest.xml:36:13-84
196            android:enabled="true"
196-->[com.google.android.gms:play-services-measurement:21.3.0] AndroidManifest.xml:37:13-35
197            android:exported="false" />
197-->[com.google.android.gms:play-services-measurement:21.3.0] AndroidManifest.xml:38:13-37
198        <service
198-->[com.google.android.gms:play-services-measurement:21.3.0] AndroidManifest.xml:39:9-43:72
199            android:name="com.google.android.gms.measurement.AppMeasurementJobService"
199-->[com.google.android.gms:play-services-measurement:21.3.0] AndroidManifest.xml:40:13-87
200            android:enabled="true"
200-->[com.google.android.gms:play-services-measurement:21.3.0] AndroidManifest.xml:41:13-35
201            android:exported="false"
201-->[com.google.android.gms:play-services-measurement:21.3.0] AndroidManifest.xml:42:13-37
202            android:permission="android.permission.BIND_JOB_SERVICE" />
202-->[com.google.android.gms:play-services-measurement:21.3.0] AndroidManifest.xml:43:13-69
203
204        <activity
204-->[com.google.android.gms:play-services-base:18.0.1] AndroidManifest.xml:20:9-22:45
205            android:name="com.google.android.gms.common.api.GoogleApiActivity"
205-->[com.google.android.gms:play-services-base:18.0.1] AndroidManifest.xml:20:19-85
206            android:exported="false"
206-->[com.google.android.gms:play-services-base:18.0.1] AndroidManifest.xml:22:19-43
207            android:theme="@android:style/Theme.Translucent.NoTitleBar" />
207-->[com.google.android.gms:play-services-base:18.0.1] AndroidManifest.xml:21:19-78
208
209        <meta-data
209-->[com.google.android.gms:play-services-basement:18.1.0] AndroidManifest.xml:21:9-23:69
210            android:name="com.google.android.gms.version"
210-->[com.google.android.gms:play-services-basement:18.1.0] AndroidManifest.xml:22:13-58
211            android:value="@integer/google_play_services_version" />
211-->[com.google.android.gms:play-services-basement:18.1.0] AndroidManifest.xml:23:13-66
212
213        <provider
213-->[androidx.emoji2:emoji2:1.2.0] AndroidManifest.xml:24:9-32:20
214            android:name="androidx.startup.InitializationProvider"
214-->[androidx.emoji2:emoji2:1.2.0] AndroidManifest.xml:25:13-67
215            android:authorities="com.example.SEPROJECT23x.androidx-startup"
215-->[androidx.emoji2:emoji2:1.2.0] AndroidManifest.xml:26:13-68
216            android:exported="false" >
216-->[androidx.emoji2:emoji2:1.2.0] AndroidManifest.xml:27:13-37
217            <meta-data
217-->[androidx.emoji2:emoji2:1.2.0] AndroidManifest.xml:29:13-31:52
218                android:name="androidx.emoji2.text.EmojiCompatInitializer"
218-->[androidx.emoji2:emoji2:1.2.0] AndroidManifest.xml:30:17-75
219                android:value="androidx.startup" />
219-->[androidx.emoji2:emoji2:1.2.0] AndroidManifest.xml:31:17-49
220            <meta-data
220-->[androidx.lifecycle:lifecycle-process:2.4.1] AndroidManifest.xml:31:13-33:52
221                android:name="androidx.lifecycle.ProcessLifecycleInitializer"
221-->[androidx.lifecycle:lifecycle-process:2.4.1] AndroidManifest.xml:32:17-78
222                android:value="androidx.startup" />
222-->[androidx.lifecycle:lifecycle-process:2.4.1] AndroidManifest.xml:33:17-49
223        </provider>
224    </application>
225
226</manifest>